horizontalVariableListViewSample/build/outputs/logs/manifest-merger-debug-report.txt
-- Merging decision tree log ---
manifest
ADDED from src\main\AndroidManifest.xml:1:1-35:12
	package
		ADDED from src\main\AndroidManifest.xml:2:2-70
		INJECTED from src\main\AndroidManifest.xml
		INJECTED from src\main\AndroidManifest.xml
	android:versionName
		ADDED from src\main\AndroidManifest.xml:4:2-27
	android:versionCode
		ADDED from src\main\AndroidManifest.xml:3:2-25
		INJECTED from src\main\AndroidManifest.xml
		INJECTED from src\main\AndroidManifest.xml
	xmlns:android
		ADDED from src\main\AndroidManifest.xml:1:11-69
uses-sdk
ADDED from src\main\AndroidManifest.xml:6:2-8:35
MERGED from [HorizontalVariableListViewSample1:horizontalVariableListView:unspecified] AndroidManifest.xml:7:5-9:41
MERGED from [com.android.support:support-v4:20.0.0] AndroidManifest.xml:16:5-42
	android:targetSdkVersion
		ADDED from src\main\AndroidManifest.xml:8:3-32
		INJECTED from src\main\AndroidManifest.xml
		INJECTED from src\main\AndroidManifest.xml
	android:minSdkVersion
		ADDED from src\main\AndroidManifest.xml:7:3-28
		INJECTED from src\main\AndroidManifest.xml
		INJECTED from src\main\AndroidManifest.xml
application
ADDED from src\main\AndroidManifest.xml:10:2-33:16
MERGED from [HorizontalVariableListViewSample1:horizontalVariableListView:unspecified] AndroidManifest.xml:11:5-16:19
MERGED from [com.android.support:support-v4:20.0.0] AndroidManifest.xml:17:5-19
	android:label
		ADDED from src\main\AndroidManifest.xml:12:3-35
	android:supportsRtl
		ADDED from src\main\AndroidManifest.xml:14:3-29
	android:hardwareAccelerated
		ADDED from src\main\AndroidManifest.xml:15:3-37
	android:icon
		ADDED from src\main\AndroidManifest.xml:11:3-39
	android:allowBackup
		ADDED from [HorizontalVariableListViewSample1:horizontalVariableListView:unspecified] AndroidManifest.xml:12:9-35
	android:theme
		ADDED from src\main\AndroidManifest.xml:13:3-34
activity#it.sephiroth.android.sample.horizontalvariablelistviewdemo.MainActivity
ADDED from src\main\AndroidManifest.xml:17:3-24:14
	android:label
		ADDED from src\main\AndroidManifest.xml:19:4-36
	android:name
		ADDED from src\main\AndroidManifest.xml:18:4-32
intent-filter#android.intent.action.MAIN+android.intent.category.LAUNCHER
ADDED from src\main\AndroidManifest.xml:20:4-23:20
action#android.intent.action.MAIN
ADDED from src\main\AndroidManifest.xml:21:5-57
	android:name
		ADDED from src\main\AndroidManifest.xml:21:13-54
category#android.intent.category.LAUNCHER
ADDED from src\main\AndroidManifest.xml:22:5-65
	android:name
		ADDED from src\main\AndroidManifest.xml:22:15-62
activity#it.sephiroth.android.sample.horizontalvariablelistviewdemo.SimpleHListActivity
ADDED from src\main\AndroidManifest.xml:26:3-28:34
	android:label
		ADDED from src\main\AndroidManifest.xml:28:4-31
	android:name
		ADDED from src\main\AndroidManifest.xml:27:4-39
activity#it.sephiroth.android.sample.horizontalvariablelistviewdemo.ExpandableListActivity
ADDED from src\main\AndroidManifest.xml:30:3-32:38
	android:label
		ADDED from src\main\AndroidManifest.xml:32:4-35
	android:name
		ADDED from src\main\AndroidManifest.xml:31:4-42